{"contracts/GovVerifier.sol":{"l":{"26":0,"34":0,"60":0,"63":0,"65":0,"68":0,"69":0,"73":0},"path":"/home/tyler/zk-voting-system/contracts/GovVerifier.sol","s":{"1":0,"2":0,"3":0,"4":0,"5":0,"6":0},"b":{"1":[0,0],"2":[0,0],"3":[0,0]},"f":{"1":0,"2":0,"3":0,"4":0},"fnMap":{"1":{"name":"constructor","line":25,"loc":{"start":{"line":25,"column":4},"end":{"line":27,"column":4}}},"2":{"name":"setVotingContract","line":33,"loc":{"start":{"line":33,"column":4},"end":{"line":35,"column":4}}},"3":{"name":"_beforeProofSubmit","line":40,"loc":{"start":{"line":40,"column":4},"end":{"line":47,"column":4}}},"4":{"name":"_afterProofSubmit","line":53,"loc":{"start":{"line":53,"column":4},"end":{"line":74,"column":4}}}},"statementMap":{"1":{"start":{"line":60,"column":8},"end":{"line":60,"column":75}},"2":{"start":{"line":63,"column":8},"end":{"line":63,"column":2006}},"3":{"start":{"line":65,"column":12},"end":{"line":65,"column":2124}},"4":{"start":{"line":68,"column":12},"end":{"line":68,"column":2263}},"5":{"start":{"line":69,"column":16},"end":{"line":69,"column":45}},"6":{"start":{"line":73,"column":8},"end":{"line":73,"column":54}}},"branchMap":{"1":{"line":33,"type":"if","locations":[{"start":{"line":33,"column":59},"end":{"line":33,"column":59}},{"start":{"line":33,"column":59},"end":{"line":33,"column":59}}]},"2":{"line":63,"type":"if","locations":[{"start":{"line":63,"column":8},"end":{"line":63,"column":8}},{"start":{"line":63,"column":8},"end":{"line":63,"column":8}}]},"3":{"line":68,"type":"if","locations":[{"start":{"line":68,"column":12},"end":{"line":68,"column":12}},{"start":{"line":68,"column":12},"end":{"line":68,"column":12}}]}}},"contracts/interfaces/ICircuitValidator.sol":{"l":{},"path":"/home/tyler/zk-voting-system/contracts/interfaces/ICircuitValidator.sol","s":{},"b":{},"f":{},"fnMap":{},"statementMap":{},"branchMap":{}},"contracts/interfaces/IZKPVerifier.sol":{"l":{},"path":"/home/tyler/zk-voting-system/contracts/interfaces/IZKPVerifier.sol","s":{},"b":{},"f":{},"fnMap":{},"statementMap":{},"branchMap":{}},"contracts/lib/GenesisUtils.sol":{"l":{"11":0,"12":0,"21":0,"24":0,"33":0,"42":0,"51":0,"60":0,"67":0,"69":0,"70":0,"83":0,"85":0,"87":0,"88":0,"89":0,"92":0,"103":0,"115":0,"117":0,"119":0,"125":0,"127":0,"128":0,"133":0,"135":0,"137":0,"138":0,"140":0,"151":0,"164":0,"173":0},"path":"/home/tyler/zk-voting-system/contracts/lib/GenesisUtils.sol","s":{"1":0,"2":0,"3":0,"4":0,"5":0,"6":0,"7":0,"8":0,"9":0,"10":0,"11":0,"12":0,"13":0,"14":0,"15":0,"16":0,"17":0,"18":0,"19":0},"b":{"1":[0,0],"2":[0,0],"3":[0,0]},"f":{"1":0,"2":0,"3":0,"4":0,"5":0,"6":0,"7":0,"8":0,"9":0},"fnMap":{"1":{"name":"int256ToBytes","line":10,"loc":{"start":{"line":10,"column":4},"end":{"line":15,"column":4}}},"2":{"name":"reverse","line":20,"loc":{"start":{"line":20,"column":4},"end":{"line":61,"column":4}}},"3":{"name":"sum","line":66,"loc":{"start":{"line":66,"column":4},"end":{"line":72,"column":4}}},"4":{"name":"bytesToHexString","line":77,"loc":{"start":{"line":77,"column":4},"end":{"line":93,"column":4}}},"5":{"name":"compareStrings","line":98,"loc":{"start":{"line":98,"column":4},"end":{"line":105,"column":4}}},"6":{"name":"isGenesisState","line":110,"loc":{"start":{"line":110,"column":4},"end":{"line":141,"column":4}}},"7":{"name":"toUint256","line":146,"loc":{"start":{"line":146,"column":4},"end":{"line":154,"column":4}}},"8":{"name":"bytesToAddress","line":159,"loc":{"start":{"line":159,"column":4},"end":{"line":167,"column":4}}},"9":{"name":"int256ToAddress","line":172,"loc":{"start":{"line":172,"column":4},"end":{"line":174,"column":4}}}},"statementMap":{"1":{"start":{"line":67,"column":8},"end":{"line":67,"column":71}},"2":{"start":{"line":69,"column":8},"end":{"line":69,"column":1948}},"3":{"start":{"line":83,"column":8},"end":{"line":83,"column":61}},"4":{"start":{"line":85,"column":8},"end":{"line":85,"column":47}},"5":{"start":{"line":87,"column":8},"end":{"line":87,"column":2394}},"6":{"start":{"line":92,"column":8},"end":{"line":92,"column":56}},"7":{"start":{"line":103,"column":8},"end":{"line":103,"column":2871}},"8":{"start":{"line":115,"column":8},"end":{"line":115,"column":51}},"9":{"start":{"line":117,"column":8},"end":{"line":117,"column":66}},"10":{"start":{"line":119,"column":8},"end":{"line":119,"column":3223}},"11":{"start":{"line":125,"column":8},"end":{"line":125,"column":43}},"12":{"start":{"line":127,"column":8},"end":{"line":127,"column":75}},"13":{"start":{"line":128,"column":8},"end":{"line":128,"column":3482}},"14":{"start":{"line":133,"column":8},"end":{"line":133,"column":38}},"15":{"start":{"line":135,"column":8},"end":{"line":135,"column":56}},"16":{"start":{"line":137,"column":8},"end":{"line":137,"column":77}},"17":{"start":{"line":138,"column":8},"end":{"line":138,"column":72}},"18":{"start":{"line":140,"column":8},"end":{"line":140,"column":48}},"19":{"start":{"line":173,"column":8},"end":{"line":173,"column":60}}},"branchMap":{"1":{"line":67,"type":"if","locations":[{"start":{"line":67,"column":8},"end":{"line":67,"column":8}},{"start":{"line":67,"column":8},"end":{"line":67,"column":8}}]},"2":{"line":128,"type":"if","locations":[{"start":{"line":128,"column":8},"end":{"line":128,"column":8}},{"start":{"line":128,"column":8},"end":{"line":128,"column":8}}]},"3":{"line":138,"type":"if","locations":[{"start":{"line":138,"column":8},"end":{"line":138,"column":8}},{"start":{"line":138,"column":8},"end":{"line":138,"column":8}}]}}},"contracts/verifiers/ZKPVerifier.sol":{"l":{"23":0,"27":0,"32":0,"34":0,"45":0,"47":0,"48":0,"57":0,"65":0,"66":0,"68":0,"69":0,"70":0,"71":0,"72":0,"74":0,"76":0,"77":0,"85":0},"path":"/home/tyler/zk-voting-system/contracts/verifiers/ZKPVerifier.sol","s":{"1":0,"2":0,"3":0,"4":0,"5":0,"6":0,"7":0,"8":0,"9":0,"10":0,"11":0},"b":{"1":[0,0],"2":[0,0],"3":[0,0],"4":[0,0],"5":[0,0]},"f":{"1":0,"2":0,"3":0,"4":0,"5":0,"6":0},"fnMap":{"1":{"name":"submitZKPResponse","line":16,"loc":{"start":{"line":16,"column":4},"end":{"line":49,"column":4}}},"2":{"name":"getZKPRequest","line":51,"loc":{"start":{"line":51,"column":4},"end":{"line":58,"column":4}}},"3":{"name":"setZKPRequest","line":64,"loc":{"start":{"line":60,"column":4},"end":{"line":78,"column":4}}},"4":{"name":"getSupportedRequests","line":80,"loc":{"start":{"line":80,"column":4},"end":{"line":86,"column":4}}},"5":{"name":"_beforeProofSubmit","line":91,"loc":{"start":{"line":91,"column":4},"end":{"line":95,"column":24}}},"6":{"name":"_afterProofSubmit","line":100,"loc":{"start":{"line":100,"column":4},"end":{"line":104,"column":24}}}},"statementMap":{"1":{"start":{"line":23,"column":8},"end":{"line":23,"column":733}},"2":{"start":{"line":27,"column":8},"end":{"line":27,"column":911}},"3":{"start":{"line":32,"column":8},"end":{"line":32,"column":74}},"4":{"start":{"line":34,"column":8},"end":{"line":34,"column":1136}},"5":{"start":{"line":47,"column":8},"end":{"line":47,"column":73}},"6":{"start":{"line":48,"column":8},"end":{"line":48,"column":19}},"7":{"start":{"line":57,"column":8},"end":{"line":57,"column":40}},"8":{"start":{"line":65,"column":8},"end":{"line":65,"column":1959}},"9":{"start":{"line":66,"column":10},"end":{"line":66,"column":42}},"10":{"start":{"line":77,"column":8},"end":{"line":77,"column":19}},"11":{"start":{"line":85,"column":8},"end":{"line":85,"column":32}}},"branchMap":{"1":{"line":23,"type":"if","locations":[{"start":{"line":23,"column":8},"end":{"line":23,"column":8}},{"start":{"line":23,"column":8},"end":{"line":23,"column":8}}]},"2":{"line":27,"type":"if","locations":[{"start":{"line":27,"column":8},"end":{"line":27,"column":8}},{"start":{"line":27,"column":8},"end":{"line":27,"column":8}}]},"3":{"line":34,"type":"if","locations":[{"start":{"line":34,"column":8},"end":{"line":34,"column":8}},{"start":{"line":34,"column":8},"end":{"line":34,"column":8}}]},"4":{"line":64,"type":"if","locations":[{"start":{"line":64,"column":24},"end":{"line":64,"column":24}},{"start":{"line":64,"column":24},"end":{"line":64,"column":24}}]},"5":{"line":65,"type":"if","locations":[{"start":{"line":65,"column":8},"end":{"line":65,"column":8}},{"start":{"line":65,"column":8},"end":{"line":65,"column":8}}]}}},"contracts/ZKVoting.sol":{"l":{"44":24,"45":24,"53":3,"54":3,"62":2,"63":2,"77":23,"80":22,"82":22,"91":14,"92":14,"100":5,"101":5,"102":5,"104":5},"path":"/home/tyler/zk-voting-system/contracts/ZKVoting.sol","s":{"1":24,"2":3,"3":2,"4":23,"5":22,"6":14,"7":14,"8":5,"9":5,"10":5},"b":{"1":[3,1],"2":[2,1],"3":[22,1],"4":[14,0]},"f":{"1":24,"2":3,"3":2,"4":23,"5":14,"6":5},"fnMap":{"1":{"name":"constructor","line":43,"loc":{"start":{"line":43,"column":4},"end":{"line":46,"column":4}}},"2":{"name":"setVoterMerkleRoot","line":52,"loc":{"start":{"line":52,"column":4},"end":{"line":55,"column":4}}},"3":{"name":"setVotedMerkleRoot","line":61,"loc":{"start":{"line":61,"column":4},"end":{"line":64,"column":4}}},"4":{"name":"vote","line":72,"loc":{"start":{"line":72,"column":4},"end":{"line":83,"column":4}}},"5":{"name":"getVoteCount","line":90,"loc":{"start":{"line":90,"column":4},"end":{"line":93,"column":4}}},"6":{"name":"getTotalVotes","line":99,"loc":{"start":{"line":99,"column":4},"end":{"line":105,"column":4}}}},"statementMap":{"1":{"start":{"line":44,"column":8},"end":{"line":44,"column":37}},"2":{"start":{"line":54,"column":8},"end":{"line":54,"column":58}},"3":{"start":{"line":63,"column":8},"end":{"line":63,"column":58}},"4":{"start":{"line":77,"column":8},"end":{"line":77,"column":55}},"5":{"start":{"line":82,"column":8},"end":{"line":82,"column":58}},"6":{"start":{"line":91,"column":8},"end":{"line":91,"column":55}},"7":{"start":{"line":92,"column":8},"end":{"line":92,"column":34}},"8":{"start":{"line":100,"column":8},"end":{"line":100,"column":25}},"9":{"start":{"line":101,"column":8},"end":{"line":101,"column":3040}},"10":{"start":{"line":104,"column":8},"end":{"line":104,"column":20}}},"branchMap":{"1":{"line":52,"type":"if","locations":[{"start":{"line":52,"column":59},"end":{"line":52,"column":59}},{"start":{"line":52,"column":59},"end":{"line":52,"column":59}}]},"2":{"line":61,"type":"if","locations":[{"start":{"line":61,"column":59},"end":{"line":61,"column":59}},{"start":{"line":61,"column":59},"end":{"line":61,"column":59}}]},"3":{"line":77,"type":"if","locations":[{"start":{"line":77,"column":8},"end":{"line":77,"column":8}},{"start":{"line":77,"column":8},"end":{"line":77,"column":8}}]},"4":{"line":91,"type":"if","locations":[{"start":{"line":91,"column":8},"end":{"line":91,"column":8}},{"start":{"line":91,"column":8},"end":{"line":91,"column":8}}]}}},"contracts/ZKVotingRobRules.sol":{"l":{"66":80,"67":76,"72":38,"73":38,"74":38,"75":38,"76":38,"81":3,"82":2,"83":2,"84":2,"89":0,"93":0,"98":31,"100":30,"101":30,"102":30,"103":30,"104":30,"105":30,"107":30,"108":30,"112":26,"113":26,"115":25,"116":25,"118":25,"122":6,"123":6,"124":5,"126":5,"135":5,"137":5,"138":5,"142":2,"143":2,"145":2,"146":2,"150":17,"151":17,"152":17,"154":15,"155":15,"156":15,"166":18,"168":18,"169":18,"170":18,"171":17,"173":16,"175":16,"176":10,"178":5,"180":1,"183":16,"184":16,"188":0,"189":0,"191":0,"192":0,"193":0,"195":0,"196":0,"198":0,"200":0,"205":5,"206":5,"207":5,"209":4,"210":2,"212":2,"215":4,"232":1,"233":1,"249":2,"260":1,"261":1,"262":1},"path":"/home/tyler/zk-voting-system/contracts/ZKVotingRobRules.sol","s":{"1":80,"2":38,"3":38,"4":38,"5":3,"6":2,"7":2,"8":31,"9":30,"10":30,"11":30,"12":30,"13":26,"14":26,"15":25,"16":6,"17":6,"18":5,"19":5,"20":5,"21":5,"22":5,"23":2,"24":2,"25":2,"26":17,"27":17,"28":17,"29":18,"30":18,"31":18,"32":18,"33":17,"34":16,"35":6,"36":16,"37":16,"38":0,"39":0,"40":0,"41":0,"42":0,"43":0,"44":0,"45":5,"46":5,"47":5,"48":4,"49":4,"50":1,"51":1,"52":2,"53":1,"54":1,"55":1},"b":{"1":[76,4],"2":[38,0],"3":[38,0],"4":[3,1],"5":[2,1],"6":[0,0],"7":[0,0],"8":[31,1],"9":[30,1],"10":[26,1],"11":[25,1],"12":[5,1],"13":[5,0],"14":[2,1],"15":[2,0],"16":[17,1],"17":[17,0],"18":[15,2],"19":[18,0],"20":[18,0],"21":[17,1],"22":[16,1],"23":[10,6],"24":[5,1],"25":[0,0],"26":[0,0],"27":[0,0],"28":[0,0],"29":[0,0],"30":[5,0],"31":[4,1],"32":[2,2],"33":[1,0]},"f":{"1":80,"2":38,"3":3,"4":0,"5":0,"6":31,"7":26,"8":6,"9":2,"10":17,"11":18,"12":0,"13":5,"14":1,"15":2,"16":1},"fnMap":{"1":{"name":"onlyChair","line":65,"loc":{"start":{"line":65,"column":4},"end":{"line":68,"column":4}}},"2":{"name":"constructor","line":71,"loc":{"start":{"line":71,"column":4},"end":{"line":77,"column":4}}},"3":{"name":"setChair","line":80,"loc":{"start":{"line":80,"column":4},"end":{"line":85,"column":4}}},"4":{"name":"setVoterMerkleRoot","line":88,"loc":{"start":{"line":88,"column":4},"end":{"line":90,"column":4}}},"5":{"name":"setVotedMerkleRoot","line":92,"loc":{"start":{"line":92,"column":4},"end":{"line":94,"column":4}}},"6":{"name":"createProposal","line":97,"loc":{"start":{"line":97,"column":4},"end":{"line":109,"column":4}}},"7":{"name":"secondProposal","line":111,"loc":{"start":{"line":111,"column":4},"end":{"line":119,"column":4}}},"8":{"name":"submitAmendment","line":121,"loc":{"start":{"line":121,"column":4},"end":{"line":139,"column":4}}},"9":{"name":"approveAmendment","line":141,"loc":{"start":{"line":141,"column":4},"end":{"line":147,"column":4}}},"10":{"name":"openVoting","line":149,"loc":{"start":{"line":149,"column":4},"end":{"line":157,"column":4}}},"11":{"name":"voteOnMotion","line":160,"loc":{"start":{"line":160,"column":4},"end":{"line":185,"column":4}}},"12":{"name":"voteOnAmendment","line":187,"loc":{"start":{"line":187,"column":4},"end":{"line":202,"column":4}}},"13":{"name":"finalizeProposal","line":204,"loc":{"start":{"line":204,"column":4},"end":{"line":216,"column":4}}},"14":{"name":"getProposal","line":219,"loc":{"start":{"line":219,"column":4},"end":{"line":246,"column":4}}},"15":{"name":"hasVoted","line":248,"loc":{"start":{"line":248,"column":4},"end":{"line":250,"column":4}}},"16":{"name":"getAmendment","line":252,"loc":{"start":{"line":252,"column":4},"end":{"line":270,"column":4}}}},"statementMap":{"1":{"start":{"line":66,"column":8},"end":{"line":66,"column":73}},"2":{"start":{"line":72,"column":8},"end":{"line":72,"column":68}},"3":{"start":{"line":73,"column":8},"end":{"line":73,"column":65}},"4":{"start":{"line":74,"column":8},"end":{"line":74,"column":37}},"5":{"start":{"line":81,"column":8},"end":{"line":81,"column":71}},"6":{"start":{"line":82,"column":8},"end":{"line":82,"column":32}},"7":{"start":{"line":84,"column":8},"end":{"line":84,"column":46}},"8":{"start":{"line":98,"column":8},"end":{"line":98,"column":77}},"9":{"start":{"line":100,"column":8},"end":{"line":100,"column":44}},"10":{"start":{"line":101,"column":8},"end":{"line":101,"column":50}},"11":{"start":{"line":107,"column":8},"end":{"line":107,"column":61}},"12":{"start":{"line":108,"column":8},"end":{"line":108,"column":25}},"13":{"start":{"line":112,"column":8},"end":{"line":112,"column":51}},"14":{"start":{"line":113,"column":8},"end":{"line":113,"column":85}},"15":{"start":{"line":118,"column":8},"end":{"line":118,"column":42}},"16":{"start":{"line":122,"column":8},"end":{"line":122,"column":51}},"17":{"start":{"line":123,"column":8},"end":{"line":123,"column":87}},"18":{"start":{"line":124,"column":8},"end":{"line":124,"column":87}},"19":{"start":{"line":126,"column":8},"end":{"line":126,"column":4441}},"20":{"start":{"line":135,"column":8},"end":{"line":135,"column":53}},"21":{"start":{"line":137,"column":8},"end":{"line":137,"column":69}},"22":{"start":{"line":138,"column":8},"end":{"line":138,"column":26}},"23":{"start":{"line":142,"column":8},"end":{"line":142,"column":51}},"24":{"start":{"line":143,"column":8},"end":{"line":143,"column":74}},"25":{"start":{"line":146,"column":8},"end":{"line":146,"column":57}},"26":{"start":{"line":150,"column":8},"end":{"line":150,"column":51}},"27":{"start":{"line":151,"column":8},"end":{"line":151,"column":87}},"28":{"start":{"line":152,"column":8},"end":{"line":152,"column":79}},"29":{"start":{"line":166,"column":8},"end":{"line":166,"column":51}},"30":{"start":{"line":168,"column":8},"end":{"line":168,"column":79}},"31":{"start":{"line":169,"column":8},"end":{"line":169,"column":76}},"32":{"start":{"line":170,"column":8},"end":{"line":170,"column":55}},"33":{"start":{"line":171,"column":8},"end":{"line":171,"column":64}},"34":{"start":{"line":175,"column":8},"end":{"line":175,"column":6277}},"35":{"start":{"line":177,"column":15},"end":{"line":177,"column":6338}},"36":{"start":{"line":183,"column":8},"end":{"line":183,"column":58}},"37":{"start":{"line":184,"column":8},"end":{"line":184,"column":71}},"38":{"start":{"line":188,"column":8},"end":{"line":188,"column":51}},"39":{"start":{"line":189,"column":8},"end":{"line":189,"column":74}},"40":{"start":{"line":191,"column":8},"end":{"line":191,"column":56}},"41":{"start":{"line":192,"column":8},"end":{"line":192,"column":56}},"42":{"start":{"line":193,"column":8},"end":{"line":193,"column":58}},"43":{"start":{"line":195,"column":8},"end":{"line":195,"column":7027}},"44":{"start":{"line":197,"column":15},"end":{"line":197,"column":7088}},"45":{"start":{"line":205,"column":8},"end":{"line":205,"column":51}},"46":{"start":{"line":206,"column":8},"end":{"line":206,"column":79}},"47":{"start":{"line":207,"column":8},"end":{"line":207,"column":79}},"48":{"start":{"line":209,"column":8},"end":{"line":209,"column":7497}},"49":{"start":{"line":215,"column":8},"end":{"line":215,"column":52}},"50":{"start":{"line":232,"column":8},"end":{"line":232,"column":51}},"51":{"start":{"line":233,"column":8},"end":{"line":233,"column":8196}},"52":{"start":{"line":249,"column":8},"end":{"line":249,"column":62}},"53":{"start":{"line":260,"column":8},"end":{"line":260,"column":95}},"54":{"start":{"line":261,"column":8},"end":{"line":261,"column":77}},"55":{"start":{"line":262,"column":8},"end":{"line":262,"column":9136}}},"branchMap":{"1":{"line":66,"type":"if","locations":[{"start":{"line":66,"column":8},"end":{"line":66,"column":8}},{"start":{"line":66,"column":8},"end":{"line":66,"column":8}}]},"2":{"line":72,"type":"if","locations":[{"start":{"line":72,"column":8},"end":{"line":72,"column":8}},{"start":{"line":72,"column":8},"end":{"line":72,"column":8}}]},"3":{"line":73,"type":"if","locations":[{"start":{"line":73,"column":8},"end":{"line":73,"column":8}},{"start":{"line":73,"column":8},"end":{"line":73,"column":8}}]},"4":{"line":80,"type":"if","locations":[{"start":{"line":80,"column":50},"end":{"line":80,"column":50}},{"start":{"line":80,"column":50},"end":{"line":80,"column":50}}]},"5":{"line":81,"type":"if","locations":[{"start":{"line":81,"column":8},"end":{"line":81,"column":8}},{"start":{"line":81,"column":8},"end":{"line":81,"column":8}}]},"6":{"line":88,"type":"if","locations":[{"start":{"line":88,"column":59},"end":{"line":88,"column":59}},{"start":{"line":88,"column":59},"end":{"line":88,"column":59}}]},"7":{"line":92,"type":"if","locations":[{"start":{"line":92,"column":59},"end":{"line":92,"column":59}},{"start":{"line":92,"column":59},"end":{"line":92,"column":59}}]},"8":{"line":97,"type":"if","locations":[{"start":{"line":97,"column":67},"end":{"line":97,"column":67}},{"start":{"line":97,"column":67},"end":{"line":97,"column":67}}]},"9":{"line":98,"type":"if","locations":[{"start":{"line":98,"column":8},"end":{"line":98,"column":8}},{"start":{"line":98,"column":8},"end":{"line":98,"column":8}}]},"10":{"line":111,"type":"if","locations":[{"start":{"line":111,"column":58},"end":{"line":111,"column":58}},{"start":{"line":111,"column":58},"end":{"line":111,"column":58}}]},"11":{"line":113,"type":"if","locations":[{"start":{"line":113,"column":8},"end":{"line":113,"column":8}},{"start":{"line":113,"column":8},"end":{"line":113,"column":8}}]},"12":{"line":123,"type":"if","locations":[{"start":{"line":123,"column":8},"end":{"line":123,"column":8}},{"start":{"line":123,"column":8},"end":{"line":123,"column":8}}]},"13":{"line":124,"type":"if","locations":[{"start":{"line":124,"column":8},"end":{"line":124,"column":8}},{"start":{"line":124,"column":8},"end":{"line":124,"column":8}}]},"14":{"line":141,"type":"if","locations":[{"start":{"line":141,"column":82},"end":{"line":141,"column":82}},{"start":{"line":141,"column":82},"end":{"line":141,"column":82}}]},"15":{"line":143,"type":"if","locations":[{"start":{"line":143,"column":8},"end":{"line":143,"column":8}},{"start":{"line":143,"column":8},"end":{"line":143,"column":8}}]},"16":{"line":149,"type":"if","locations":[{"start":{"line":149,"column":73},"end":{"line":149,"column":73}},{"start":{"line":149,"column":73},"end":{"line":149,"column":73}}]},"17":{"line":151,"type":"if","locations":[{"start":{"line":151,"column":8},"end":{"line":151,"column":8}},{"start":{"line":151,"column":8},"end":{"line":151,"column":8}}]},"18":{"line":152,"type":"if","locations":[{"start":{"line":152,"column":8},"end":{"line":152,"column":8}},{"start":{"line":152,"column":8},"end":{"line":152,"column":8}}]},"19":{"line":168,"type":"if","locations":[{"start":{"line":168,"column":8},"end":{"line":168,"column":8}},{"start":{"line":168,"column":8},"end":{"line":168,"column":8}}]},"20":{"line":169,"type":"if","locations":[{"start":{"line":169,"column":8},"end":{"line":169,"column":8}},{"start":{"line":169,"column":8},"end":{"line":169,"column":8}}]},"21":{"line":170,"type":"if","locations":[{"start":{"line":170,"column":8},"end":{"line":170,"column":8}},{"start":{"line":170,"column":8},"end":{"line":170,"column":8}}]},"22":{"line":171,"type":"if","locations":[{"start":{"line":171,"column":8},"end":{"line":171,"column":8}},{"start":{"line":171,"column":8},"end":{"line":171,"column":8}}]},"23":{"line":175,"type":"if","locations":[{"start":{"line":175,"column":8},"end":{"line":175,"column":8}},{"start":{"line":175,"column":8},"end":{"line":175,"column":8}}]},"24":{"line":177,"type":"if","locations":[{"start":{"line":177,"column":15},"end":{"line":177,"column":15}},{"start":{"line":177,"column":15},"end":{"line":177,"column":15}}]},"25":{"line":189,"type":"if","locations":[{"start":{"line":189,"column":8},"end":{"line":189,"column":8}},{"start":{"line":189,"column":8},"end":{"line":189,"column":8}}]},"26":{"line":192,"type":"if","locations":[{"start":{"line":192,"column":8},"end":{"line":192,"column":8}},{"start":{"line":192,"column":8},"end":{"line":192,"column":8}}]},"27":{"line":193,"type":"if","locations":[{"start":{"line":193,"column":8},"end":{"line":193,"column":8}},{"start":{"line":193,"column":8},"end":{"line":193,"column":8}}]},"28":{"line":195,"type":"if","locations":[{"start":{"line":195,"column":8},"end":{"line":195,"column":8}},{"start":{"line":195,"column":8},"end":{"line":195,"column":8}}]},"29":{"line":197,"type":"if","locations":[{"start":{"line":197,"column":15},"end":{"line":197,"column":15}},{"start":{"line":197,"column":15},"end":{"line":197,"column":15}}]},"30":{"line":206,"type":"if","locations":[{"start":{"line":206,"column":8},"end":{"line":206,"column":8}},{"start":{"line":206,"column":8},"end":{"line":206,"column":8}}]},"31":{"line":207,"type":"if","locations":[{"start":{"line":207,"column":8},"end":{"line":207,"column":8}},{"start":{"line":207,"column":8},"end":{"line":207,"column":8}}]},"32":{"line":209,"type":"if","locations":[{"start":{"line":209,"column":8},"end":{"line":209,"column":8}},{"start":{"line":209,"column":8},"end":{"line":209,"column":8}}]},"33":{"line":260,"type":"if","locations":[{"start":{"line":260,"column":8},"end":{"line":260,"column":8}},{"start":{"line":260,"column":8},"end":{"line":260,"column":8}}]}}},"contracts/ZKVotingRobRulesWithCredentials.sol":{"l":{"76":17,"77":16,"81":24,"82":24,"87":17,"88":17,"89":17,"91":17,"92":17,"93":17,"94":17,"100":21,"101":21,"105":0,"110":2,"111":2,"112":2,"113":2,"118":6,"120":6,"121":6,"122":6,"123":6,"124":6,"125":6,"127":6,"128":6,"132":5,"133":5,"135":5,"136":5,"138":5,"142":0,"143":0,"144":0,"146":0,"155":0,"157":0,"158":0,"162":0,"163":0,"165":0,"166":0,"170":5,"171":5,"172":5,"174":5,"175":5,"176":5,"181":8,"183":8,"184":8,"185":8,"186":8,"188":7,"190":7,"191":5,"193":2,"195":0,"198":7,"202":2,"203":2,"204":2,"206":2,"207":1,"209":1,"212":2,"229":0,"230":0,"246":0},"path":"/home/tyler/zk-voting-system/contracts/ZKVotingRobRulesWithCredentials.sol","s":{"1":17,"2":24,"3":17,"4":17,"5":17,"6":17,"7":21,"8":0,"9":2,"10":2,"11":2,"12":6,"13":6,"14":6,"15":6,"16":6,"17":5,"18":5,"19":5,"20":0,"21":0,"22":0,"23":0,"24":0,"25":0,"26":0,"27":0,"28":0,"29":0,"30":5,"31":5,"32":5,"33":8,"34":8,"35":8,"36":8,"37":8,"38":7,"39":2,"40":7,"41":2,"42":2,"43":2,"44":2,"45":2,"46":0,"47":0,"48":0},"b":{"1":[16,1],"2":[24,0],"3":[17,0],"4":[17,0],"5":[17,0],"6":[2,1],"7":[2,0],"8":[6,1],"9":[6,0],"10":[6,0],"11":[5,0],"12":[5,0],"13":[5,0],"14":[0,0],"15":[0,0],"16":[0,0],"17":[0,0],"18":[0,0],"19":[5,0],"20":[5,0],"21":[5,0],"22":[5,0],"23":[8,0],"24":[8,0],"25":[8,0],"26":[8,0],"27":[7,1],"28":[5,2],"29":[2,0],"30":[2,0],"31":[2,0],"32":[1,1]},"f":{"1":17,"2":24,"3":17,"4":21,"5":0,"6":2,"7":6,"8":5,"9":0,"10":0,"11":5,"12":8,"13":2,"14":0,"15":0},"fnMap":{"1":{"name":"onlyChair","line":75,"loc":{"start":{"line":75,"column":4},"end":{"line":78,"column":4}}},"2":{"name":"requiresCredential","line":80,"loc":{"start":{"line":80,"column":4},"end":{"line":83,"column":4}}},"3":{"name":"constructor","line":86,"loc":{"start":{"line":86,"column":4},"end":{"line":95,"column":4}}},"4":{"name":"setAllowedUser","line":98,"loc":{"start":{"line":98,"column":4},"end":{"line":102,"column":4}}},"5":{"name":"isCredentialVerified","line":104,"loc":{"start":{"line":104,"column":4},"end":{"line":106,"column":4}}},"6":{"name":"setChair","line":109,"loc":{"start":{"line":109,"column":4},"end":{"line":114,"column":4}}},"7":{"name":"createProposal","line":117,"loc":{"start":{"line":117,"column":4},"end":{"line":129,"column":4}}},"8":{"name":"secondProposal","line":131,"loc":{"start":{"line":131,"column":4},"end":{"line":139,"column":4}}},"9":{"name":"submitAmendment","line":141,"loc":{"start":{"line":141,"column":4},"end":{"line":159,"column":4}}},"10":{"name":"approveAmendment","line":161,"loc":{"start":{"line":161,"column":4},"end":{"line":167,"column":4}}},"11":{"name":"openVoting","line":169,"loc":{"start":{"line":169,"column":4},"end":{"line":177,"column":4}}},"12":{"name":"voteOnMotion","line":180,"loc":{"start":{"line":180,"column":4},"end":{"line":199,"column":4}}},"13":{"name":"finalizeProposal","line":201,"loc":{"start":{"line":201,"column":4},"end":{"line":213,"column":4}}},"14":{"name":"getProposal","line":216,"loc":{"start":{"line":216,"column":4},"end":{"line":243,"column":4}}},"15":{"name":"hasVoted","line":245,"loc":{"start":{"line":245,"column":4},"end":{"line":247,"column":4}}}},"statementMap":{"1":{"start":{"line":76,"column":8},"end":{"line":76,"column":73}},"2":{"start":{"line":81,"column":8},"end":{"line":81,"column":67}},"3":{"start":{"line":87,"column":8},"end":{"line":87,"column":72}},"4":{"start":{"line":88,"column":8},"end":{"line":88,"column":68}},"5":{"start":{"line":89,"column":8},"end":{"line":89,"column":65}},"6":{"start":{"line":91,"column":8},"end":{"line":91,"column":37}},"7":{"start":{"line":101,"column":8},"end":{"line":101,"column":38}},"8":{"start":{"line":105,"column":8},"end":{"line":105,"column":34}},"9":{"start":{"line":110,"column":8},"end":{"line":110,"column":71}},"10":{"start":{"line":111,"column":8},"end":{"line":111,"column":32}},"11":{"start":{"line":113,"column":8},"end":{"line":113,"column":46}},"12":{"start":{"line":118,"column":8},"end":{"line":118,"column":77}},"13":{"start":{"line":120,"column":8},"end":{"line":120,"column":44}},"14":{"start":{"line":121,"column":8},"end":{"line":121,"column":50}},"15":{"start":{"line":127,"column":8},"end":{"line":127,"column":61}},"16":{"start":{"line":128,"column":8},"end":{"line":128,"column":25}},"17":{"start":{"line":132,"column":8},"end":{"line":132,"column":51}},"18":{"start":{"line":133,"column":8},"end":{"line":133,"column":85}},"19":{"start":{"line":138,"column":8},"end":{"line":138,"column":42}},"20":{"start":{"line":142,"column":8},"end":{"line":142,"column":51}},"21":{"start":{"line":143,"column":8},"end":{"line":143,"column":87}},"22":{"start":{"line":144,"column":8},"end":{"line":144,"column":87}},"23":{"start":{"line":146,"column":8},"end":{"line":146,"column":5277}},"24":{"start":{"line":155,"column":8},"end":{"line":155,"column":53}},"25":{"start":{"line":157,"column":8},"end":{"line":157,"column":69}},"26":{"start":{"line":158,"column":8},"end":{"line":158,"column":26}},"27":{"start":{"line":162,"column":8},"end":{"line":162,"column":51}},"28":{"start":{"line":163,"column":8},"end":{"line":163,"column":74}},"29":{"start":{"line":166,"column":8},"end":{"line":166,"column":57}},"30":{"start":{"line":170,"column":8},"end":{"line":170,"column":51}},"31":{"start":{"line":171,"column":8},"end":{"line":171,"column":87}},"32":{"start":{"line":172,"column":8},"end":{"line":172,"column":79}},"33":{"start":{"line":181,"column":8},"end":{"line":181,"column":51}},"34":{"start":{"line":183,"column":8},"end":{"line":183,"column":79}},"35":{"start":{"line":184,"column":8},"end":{"line":184,"column":76}},"36":{"start":{"line":185,"column":8},"end":{"line":185,"column":55}},"37":{"start":{"line":186,"column":8},"end":{"line":186,"column":64}},"38":{"start":{"line":190,"column":8},"end":{"line":190,"column":7113}},"39":{"start":{"line":192,"column":15},"end":{"line":192,"column":7174}},"40":{"start":{"line":198,"column":8},"end":{"line":198,"column":58}},"41":{"start":{"line":202,"column":8},"end":{"line":202,"column":51}},"42":{"start":{"line":203,"column":8},"end":{"line":203,"column":79}},"43":{"start":{"line":204,"column":8},"end":{"line":204,"column":79}},"44":{"start":{"line":206,"column":8},"end":{"line":206,"column":7652}},"45":{"start":{"line":212,"column":8},"end":{"line":212,"column":52}},"46":{"start":{"line":229,"column":8},"end":{"line":229,"column":51}},"47":{"start":{"line":230,"column":8},"end":{"line":230,"column":8351}},"48":{"start":{"line":246,"column":8},"end":{"line":246,"column":62}}},"branchMap":{"1":{"line":76,"type":"if","locations":[{"start":{"line":76,"column":8},"end":{"line":76,"column":8}},{"start":{"line":76,"column":8},"end":{"line":76,"column":8}}]},"2":{"line":81,"type":"if","locations":[{"start":{"line":81,"column":8},"end":{"line":81,"column":8}},{"start":{"line":81,"column":8},"end":{"line":81,"column":8}}]},"3":{"line":87,"type":"if","locations":[{"start":{"line":87,"column":8},"end":{"line":87,"column":8}},{"start":{"line":87,"column":8},"end":{"line":87,"column":8}}]},"4":{"line":88,"type":"if","locations":[{"start":{"line":88,"column":8},"end":{"line":88,"column":8}},{"start":{"line":88,"column":8},"end":{"line":88,"column":8}}]},"5":{"line":89,"type":"if","locations":[{"start":{"line":89,"column":8},"end":{"line":89,"column":8}},{"start":{"line":89,"column":8},"end":{"line":89,"column":8}}]},"6":{"line":109,"type":"if","locations":[{"start":{"line":109,"column":50},"end":{"line":109,"column":50}},{"start":{"line":109,"column":50},"end":{"line":109,"column":50}}]},"7":{"line":110,"type":"if","locations":[{"start":{"line":110,"column":8},"end":{"line":110,"column":8}},{"start":{"line":110,"column":8},"end":{"line":110,"column":8}}]},"8":{"line":117,"type":"if","locations":[{"start":{"line":117,"column":67},"end":{"line":117,"column":67}},{"start":{"line":117,"column":67},"end":{"line":117,"column":67}}]},"9":{"line":117,"type":"if","locations":[{"start":{"line":117,"column":77},"end":{"line":117,"column":77}},{"start":{"line":117,"column":77},"end":{"line":117,"column":77}}]},"10":{"line":118,"type":"if","locations":[{"start":{"line":118,"column":8},"end":{"line":118,"column":8}},{"start":{"line":118,"column":8},"end":{"line":118,"column":8}}]},"11":{"line":131,"type":"if","locations":[{"start":{"line":131,"column":58},"end":{"line":131,"column":58}},{"start":{"line":131,"column":58},"end":{"line":131,"column":58}}]},"12":{"line":131,"type":"if","locations":[{"start":{"line":131,"column":68},"end":{"line":131,"column":68}},{"start":{"line":131,"column":68},"end":{"line":131,"column":68}}]},"13":{"line":133,"type":"if","locations":[{"start":{"line":133,"column":8},"end":{"line":133,"column":8}},{"start":{"line":133,"column":8},"end":{"line":133,"column":8}}]},"14":{"line":141,"type":"if","locations":[{"start":{"line":141,"column":89},"end":{"line":141,"column":89}},{"start":{"line":141,"column":89},"end":{"line":141,"column":89}}]},"15":{"line":143,"type":"if","locations":[{"start":{"line":143,"column":8},"end":{"line":143,"column":8}},{"start":{"line":143,"column":8},"end":{"line":143,"column":8}}]},"16":{"line":144,"type":"if","locations":[{"start":{"line":144,"column":8},"end":{"line":144,"column":8}},{"start":{"line":144,"column":8},"end":{"line":144,"column":8}}]},"17":{"line":161,"type":"if","locations":[{"start":{"line":161,"column":82},"end":{"line":161,"column":82}},{"start":{"line":161,"column":82},"end":{"line":161,"column":82}}]},"18":{"line":163,"type":"if","locations":[{"start":{"line":163,"column":8},"end":{"line":163,"column":8}},{"start":{"line":163,"column":8},"end":{"line":163,"column":8}}]},"19":{"line":169,"type":"if","locations":[{"start":{"line":169,"column":73},"end":{"line":169,"column":73}},{"start":{"line":169,"column":73},"end":{"line":169,"column":73}}]},"20":{"line":169,"type":"if","locations":[{"start":{"line":169,"column":83},"end":{"line":169,"column":83}},{"start":{"line":169,"column":83},"end":{"line":169,"column":83}}]},"21":{"line":171,"type":"if","locations":[{"start":{"line":171,"column":8},"end":{"line":171,"column":8}},{"start":{"line":171,"column":8},"end":{"line":171,"column":8}}]},"22":{"line":172,"type":"if","locations":[{"start":{"line":172,"column":8},"end":{"line":172,"column":8}},{"start":{"line":172,"column":8},"end":{"line":172,"column":8}}]},"23":{"line":180,"type":"if","locations":[{"start":{"line":180,"column":118},"end":{"line":180,"column":118}},{"start":{"line":180,"column":118},"end":{"line":180,"column":118}}]},"24":{"line":183,"type":"if","locations":[{"start":{"line":183,"column":8},"end":{"line":183,"column":8}},{"start":{"line":183,"column":8},"end":{"line":183,"column":8}}]},"25":{"line":184,"type":"if","locations":[{"start":{"line":184,"column":8},"end":{"line":184,"column":8}},{"start":{"line":184,"column":8},"end":{"line":184,"column":8}}]},"26":{"line":185,"type":"if","locations":[{"start":{"line":185,"column":8},"end":{"line":185,"column":8}},{"start":{"line":185,"column":8},"end":{"line":185,"column":8}}]},"27":{"line":186,"type":"if","locations":[{"start":{"line":186,"column":8},"end":{"line":186,"column":8}},{"start":{"line":186,"column":8},"end":{"line":186,"column":8}}]},"28":{"line":190,"type":"if","locations":[{"start":{"line":190,"column":8},"end":{"line":190,"column":8}},{"start":{"line":190,"column":8},"end":{"line":190,"column":8}}]},"29":{"line":192,"type":"if","locations":[{"start":{"line":192,"column":15},"end":{"line":192,"column":15}},{"start":{"line":192,"column":15},"end":{"line":192,"column":15}}]},"30":{"line":203,"type":"if","locations":[{"start":{"line":203,"column":8},"end":{"line":203,"column":8}},{"start":{"line":203,"column":8},"end":{"line":203,"column":8}}]},"31":{"line":204,"type":"if","locations":[{"start":{"line":204,"column":8},"end":{"line":204,"column":8}},{"start":{"line":204,"column":8},"end":{"line":204,"column":8}}]},"32":{"line":206,"type":"if","locations":[{"start":{"line":206,"column":8},"end":{"line":206,"column":8}},{"start":{"line":206,"column":8},"end":{"line":206,"column":8}}]}}},"contracts/ZKVotingWithCredentials.sol":{"l":{"40":17,"41":17,"49":0,"50":0,"60":22,"61":22,"70":0,"78":14,"79":13,"80":12,"82":11,"84":11,"85":7,"87":3,"89":1,"92":11,"100":6,"107":1},"path":"/home/tyler/zk-voting-system/contracts/ZKVotingWithCredentials.sol","s":{"1":17,"2":0,"3":22,"4":0,"5":14,"6":13,"7":12,"8":11,"9":4,"10":11,"11":6,"12":1},"b":{"1":[17,0],"2":[0,0],"3":[0,0],"4":[13,1],"5":[12,1],"6":[11,1],"7":[7,4],"8":[3,1]},"f":{"1":17,"2":0,"3":22,"4":0,"5":14,"6":6,"7":1},"fnMap":{"1":{"name":"constructor","line":39,"loc":{"start":{"line":39,"column":4},"end":{"line":42,"column":4}}},"2":{"name":"setGovVerifier","line":48,"loc":{"start":{"line":48,"column":4},"end":{"line":51,"column":4}}},"3":{"name":"setAllowedUser","line":57,"loc":{"start":{"line":57,"column":4},"end":{"line":62,"column":4}}},"4":{"name":"isCredentialVerified","line":69,"loc":{"start":{"line":69,"column":4},"end":{"line":71,"column":4}}},"5":{"name":"vote","line":77,"loc":{"start":{"line":77,"column":4},"end":{"line":93,"column":4}}},"6":{"name":"getVoteCounts","line":99,"loc":{"start":{"line":99,"column":4},"end":{"line":101,"column":4}}},"7":{"name":"getTotalVotes","line":106,"loc":{"start":{"line":106,"column":4},"end":{"line":108,"column":4}}}},"statementMap":{"1":{"start":{"line":40,"column":8},"end":{"line":40,"column":72}},"2":{"start":{"line":49,"column":8},"end":{"line":49,"column":72}},"3":{"start":{"line":61,"column":8},"end":{"line":61,"column":38}},"4":{"start":{"line":70,"column":8},"end":{"line":70,"column":34}},"5":{"start":{"line":78,"column":8},"end":{"line":78,"column":67}},"6":{"start":{"line":79,"column":8},"end":{"line":79,"column":54}},"7":{"start":{"line":80,"column":8},"end":{"line":80,"column":45}},"8":{"start":{"line":84,"column":8},"end":{"line":84,"column":2835}},"9":{"start":{"line":86,"column":15},"end":{"line":86,"column":2894}},"10":{"start":{"line":92,"column":8},"end":{"line":92,"column":42}},"11":{"start":{"line":100,"column":8},"end":{"line":100,"column":48}},"12":{"start":{"line":107,"column":8},"end":{"line":107,"column":48}}},"branchMap":{"1":{"line":40,"type":"if","locations":[{"start":{"line":40,"column":8},"end":{"line":40,"column":8}},{"start":{"line":40,"column":8},"end":{"line":40,"column":8}}]},"2":{"line":48,"type":"if","locations":[{"start":{"line":48,"column":59},"end":{"line":48,"column":59}},{"start":{"line":48,"column":59},"end":{"line":48,"column":59}}]},"3":{"line":49,"type":"if","locations":[{"start":{"line":49,"column":8},"end":{"line":49,"column":8}},{"start":{"line":49,"column":8},"end":{"line":49,"column":8}}]},"4":{"line":78,"type":"if","locations":[{"start":{"line":78,"column":8},"end":{"line":78,"column":8}},{"start":{"line":78,"column":8},"end":{"line":78,"column":8}}]},"5":{"line":79,"type":"if","locations":[{"start":{"line":79,"column":8},"end":{"line":79,"column":8}},{"start":{"line":79,"column":8},"end":{"line":79,"column":8}}]},"6":{"line":80,"type":"if","locations":[{"start":{"line":80,"column":8},"end":{"line":80,"column":8}},{"start":{"line":80,"column":8},"end":{"line":80,"column":8}}]},"7":{"line":84,"type":"if","locations":[{"start":{"line":84,"column":8},"end":{"line":84,"column":8}},{"start":{"line":84,"column":8},"end":{"line":84,"column":8}}]},"8":{"line":86,"type":"if","locations":[{"start":{"line":86,"column":15},"end":{"line":86,"column":15}},{"start":{"line":86,"column":15},"end":{"line":86,"column":15}}]}}}}