{
"contracts/ZKVoting.sol":{"l":{"44":24,"45":24,"53":3,"54":3,"62":2,"63":2,"77":23,"80":22,"82":22,"91":14,"92":14,"100":5,"101":5,"102":5,"104":5},"path":"/Users/soup/.openclaw/agents/coder/zk-voting-system/contracts/ZKVoting.sol","s":{"1":24,"2":3,"3":2,"4":23,"5":22,"6":14,"7":14,"8":5,"9":5,"10":5},"b":{"1":[3,1],"2":[2,1],"3":[22,1],"4":[14,0]},"f":{"1":24,"2":3,"3":2,"4":23,"5":14,"6":5},"fnMap":{"1":{"name":"constructor","line":43,"loc":{"start":{"line":43,"column":4},"end":{"line":46,"column":4}}},"2":{"name":"setVoterMerkleRoot","line":52,"loc":{"start":{"line":52,"column":4},"end":{"line":55,"column":4}}},"3":{"name":"setVotedMerkleRoot","line":61,"loc":{"start":{"line":61,"column":4},"end":{"line":64,"column":4}}},"4":{"name":"vote","line":72,"loc":{"start":{"line":72,"column":4},"end":{"line":83,"column":4}}},"5":{"name":"getVoteCount","line":90,"loc":{"start":{"line":90,"column":4},"end":{"line":93,"column":4}}},"6":{"name":"getTotalVotes","line":99,"loc":{"start":{"line":99,"column":4},"end":{"line":105,"column":4}}}},"statementMap":{"1":{"start":{"line":44,"column":8},"end":{"line":44,"column":37}},"2":{"start":{"line":54,"column":8},"end":{"line":54,"column":58}},"3":{"start":{"line":63,"column":8},"end":{"line":63,"column":58}},"4":{"start":{"line":77,"column":8},"end":{"line":77,"column":55}},"5":{"start":{"line":82,"column":8},"end":{"line":82,"column":58}},"6":{"start":{"line":91,"column":8},"end":{"line":91,"column":55}},"7":{"start":{"line":92,"column":8},"end":{"line":92,"column":34}},"8":{"start":{"line":100,"column":8},"end":{"line":100,"column":25}},"9":{"start":{"line":101,"column":8},"end":{"line":101,"column":3040}},"10":{"start":{"line":104,"column":8},"end":{"line":104,"column":20}}},"branchMap":{"1":{"line":52,"type":"if","locations":[{"start":{"line":52,"column":59},"end":{"line":52,"column":59}},{"start":{"line":52,"column":59},"end":{"line":52,"column":59}}]},"2":{"line":61,"type":"if","locations":[{"start":{"line":61,"column":59},"end":{"line":61,"column":59}},{"start":{"line":61,"column":59},"end":{"line":61,"column":59}}]},"3":{"line":77,"type":"if","locations":[{"start":{"line":77,"column":8},"end":{"line":77,"column":8}},{"start":{"line":77,"column":8},"end":{"line":77,"column":8}}]},"4":{"line":91,"type":"if","locations":[{"start":{"line":91,"column":8},"end":{"line":91,"column":8}},{"start":{"line":91,"column":8},"end":{"line":91,"column":8}}]}}}}
