TN:
SF:/home/tyler/zk-voting-system/contracts/GovVerifier.sol
FN:25,constructor
FN:33,setVotingContract
FN:40,_beforeProofSubmit
FN:53,_afterProofSubmit
FNF:4
FNH:2
FNDA:6,constructor
FNDA:1,setVotingContract
FNDA:0,_beforeProofSubmit
FNDA:0,_afterProofSubmit
DA:26,6
DA:34,1
DA:60,0
DA:63,0
DA:65,0
DA:68,0
DA:69,0
DA:73,0
LF:8
LH:2
BRDA:33,1,0,1
BRDA:33,1,1,1
BRDA:63,2,0,0
BRDA:63,2,1,0
BRDA:68,3,0,0
BRDA:68,3,1,0
BRF:6
BRH:2
end_of_record
TN:
SF:/home/tyler/zk-voting-system/contracts/interfaces/ICircuitValidator.sol
FNF:0
FNH:0
LF:0
LH:0
BRF:0
BRH:0
end_of_record
TN:
SF:/home/tyler/zk-voting-system/contracts/interfaces/IZKPVerifier.sol
FNF:0
FNH:0
LF:0
LH:0
BRF:0
BRH:0
end_of_record
TN:
SF:/home/tyler/zk-voting-system/contracts/lib/GenesisUtils.sol
FN:10,int256ToBytes
FN:20,reverse
FN:66,sum
FN:77,bytesToHexString
FN:98,compareStrings
FN:110,isGenesisState
FN:146,toUint256
FN:159,bytesToAddress
FN:172,int256ToAddress
FNF:9
FNH:0
FNDA:0,int256ToBytes
FNDA:0,reverse
FNDA:0,sum
FNDA:0,bytesToHexString
FNDA:0,compareStrings
FNDA:0,isGenesisState
FNDA:0,toUint256
FNDA:0,bytesToAddress
FNDA:0,int256ToAddress
DA:11,0
DA:12,0
DA:21,0
DA:24,0
DA:33,0
DA:42,0
DA:51,0
DA:60,0
DA:67,0
DA:69,0
DA:70,0
DA:83,0
DA:85,0
DA:87,0
DA:88,0
DA:89,0
DA:92,0
DA:103,0
DA:115,0
DA:117,0
DA:119,0
DA:125,0
DA:127,0
DA:128,0
DA:133,0
DA:135,0
DA:137,0
DA:138,0
DA:140,0
DA:151,0
DA:164,0
DA:173,0
LF:32
LH:0
BRDA:67,1,0,0
BRDA:67,1,1,0
BRDA:128,2,0,0
BRDA:128,2,1,0
BRDA:138,3,0,0
BRDA:138,3,1,0
BRF:6
BRH:0
end_of_record
TN:
SF:/home/tyler/zk-voting-system/contracts/verifiers/ZKPVerifier.sol
FN:16,submitZKPResponse
FN:51,getZKPRequest
FN:64,setZKPRequest
FN:80,getSupportedRequests
FN:91,_beforeProofSubmit
FN:100,_afterProofSubmit
FNF:6
FNH:0
FNDA:0,submitZKPResponse
FNDA:0,getZKPRequest
FNDA:0,setZKPRequest
FNDA:0,getSupportedRequests
FNDA:0,_beforeProofSubmit
FNDA:0,_afterProofSubmit
DA:23,0
DA:27,0
DA:32,0
DA:34,0
DA:45,0
DA:47,0
DA:48,0
DA:57,0
DA:65,0
DA:66,0
DA:68,0
DA:69,0
DA:70,0
DA:71,0
DA:72,0
DA:74,0
DA:76,0
DA:77,0
DA:85,0
LF:19
LH:0
BRDA:23,1,0,0
BRDA:23,1,1,0
BRDA:27,2,0,0
BRDA:27,2,1,0
BRDA:34,3,0,0
BRDA:34,3,1,0
BRDA:64,4,0,0
BRDA:64,4,1,0
BRDA:65,5,0,0
BRDA:65,5,1,0
BRF:10
BRH:0
end_of_record
TN:
SF:/home/tyler/zk-voting-system/contracts/ZKVoting.sol
FN:43,constructor
FN:52,setVoterMerkleRoot
FN:61,setVotedMerkleRoot
FN:72,vote
FN:90,getVoteCount
FN:99,getTotalVotes
FNF:6
FNH:6
FNDA:24,constructor
FNDA:3,setVoterMerkleRoot
FNDA:2,setVotedMerkleRoot
FNDA:23,vote
FNDA:14,getVoteCount
FNDA:5,getTotalVotes
DA:44,24
DA:45,24
DA:53,3
DA:54,3
DA:62,2
DA:63,2
DA:77,23
DA:80,22
DA:82,22
DA:91,14
DA:92,14
DA:100,5
DA:101,5
DA:102,5
DA:104,5
LF:15
LH:15
BRDA:52,1,0,3
BRDA:52,1,1,1
BRDA:61,2,0,2
BRDA:61,2,1,1
BRDA:77,3,0,22
BRDA:77,3,1,1
BRDA:91,4,0,14
BRDA:91,4,1,0
BRF:8
BRH:7
end_of_record
TN:
SF:/home/tyler/zk-voting-system/contracts/ZKVotingRobRules.sol
FN:65,onlyChair
FN:71,constructor
FN:80,setChair
FN:88,setVoterMerkleRoot
FN:92,setVotedMerkleRoot
FN:97,createProposal
FN:111,secondProposal
FN:121,submitAmendment
FN:141,approveAmendment
FN:149,openVoting
FN:160,voteOnMotion
FN:187,voteOnAmendment
FN:204,finalizeProposal
FN:219,getProposal
FN:248,hasVoted
FN:252,getAmendment
FNF:16
FNH:14
FNDA:95,onlyChair
FNDA:43,constructor
FNDA:3,setChair
FNDA:0,setVoterMerkleRoot
FNDA:0,setVotedMerkleRoot
FNDA:36,createProposal
FNDA:31,secondProposal
FNDA:12,submitAmendment
FNDA:7,approveAmendment
FNDA:17,openVoting
FNDA:18,voteOnMotion
FNDA:6,voteOnAmendment
FNDA:5,finalizeProposal
FNDA:1,getProposal
FNDA:2,hasVoted
FNDA:4,getAmendment
DA:66,95
DA:67,91
DA:72,43
DA:73,43
DA:74,43
DA:75,43
DA:76,43
DA:81,3
DA:82,2
DA:83,2
DA:84,2
DA:89,0
DA:93,0
DA:98,36
DA:100,35
DA:101,35
DA:102,35
DA:103,35
DA:104,35
DA:105,35
DA:107,35
DA:108,35
DA:112,31
DA:113,31
DA:115,30
DA:116,30
DA:118,30
DA:122,12
DA:123,12
DA:124,11
DA:126,11
DA:135,11
DA:137,11
DA:138,11
DA:142,7
DA:143,7
DA:145,7
DA:146,7
DA:150,17
DA:151,17
DA:152,17
DA:154,15
DA:155,15
DA:156,15
DA:166,18
DA:168,18
DA:169,18
DA:170,18
DA:171,17
DA:173,16
DA:175,16
DA:176,10
DA:178,5
DA:180,1
DA:183,16
DA:184,16
DA:188,6
DA:189,6
DA:191,5
DA:192,5
DA:193,4
DA:195,4
DA:196,2
DA:198,2
DA:200,0
DA:205,5
DA:206,5
DA:207,5
DA:209,4
DA:210,2
DA:212,2
DA:215,4
DA:232,1
DA:233,1
DA:249,2
DA:260,4
DA:261,4
DA:262,4
LF:78
LH:75
BRDA:66,1,0,91
BRDA:66,1,1,4
BRDA:72,2,0,43
BRDA:72,2,1,0
BRDA:73,3,0,43
BRDA:73,3,1,0
BRDA:80,4,0,3
BRDA:80,4,1,1
BRDA:81,5,0,2
BRDA:81,5,1,1
BRDA:88,6,0,0
BRDA:88,6,1,0
BRDA:92,7,0,0
BRDA:92,7,1,0
BRDA:97,8,0,36
BRDA:97,8,1,1
BRDA:98,9,0,35
BRDA:98,9,1,1
BRDA:111,10,0,31
BRDA:111,10,1,1
BRDA:113,11,0,30
BRDA:113,11,1,1
BRDA:123,12,0,11
BRDA:123,12,1,1
BRDA:124,13,0,11
BRDA:124,13,1,0
BRDA:141,14,0,7
BRDA:141,14,1,1
BRDA:143,15,0,7
BRDA:143,15,1,0
BRDA:149,16,0,17
BRDA:149,16,1,1
BRDA:151,17,0,17
BRDA:151,17,1,0
BRDA:152,18,0,15
BRDA:152,18,1,2
BRDA:168,19,0,18
BRDA:168,19,1,0
BRDA:169,20,0,18
BRDA:169,20,1,0
BRDA:170,21,0,17
BRDA:170,21,1,1
BRDA:171,22,0,16
BRDA:171,22,1,1
BRDA:175,23,0,10
BRDA:175,23,1,6
BRDA:177,24,0,5
BRDA:177,24,1,1
BRDA:189,25,0,5
BRDA:189,25,1,1
BRDA:192,26,0,4
BRDA:192,26,1,1
BRDA:193,27,0,4
BRDA:193,27,1,0
BRDA:195,28,0,2
BRDA:195,28,1,2
BRDA:197,29,0,2
BRDA:197,29,1,0
BRDA:206,30,0,5
BRDA:206,30,1,0
BRDA:207,31,0,4
BRDA:207,31,1,1
BRDA:209,32,0,2
BRDA:209,32,1,2
BRDA:260,33,0,4
BRDA:260,33,1,0
BRF:66
BRH:51
end_of_record
TN:
SF:/home/tyler/zk-voting-system/contracts/ZKVotingRobRulesWithCredentials.sol
FN:75,onlyChair
FN:80,requiresCredential
FN:86,constructor
FN:98,setAllowedUser
FN:104,isCredentialVerified
FN:109,setChair
FN:117,createProposal
FN:131,secondProposal
FN:141,submitAmendment
FN:161,approveAmendment
FN:169,openVoting
FN:180,voteOnMotion
FN:201,finalizeProposal
FN:216,getProposal
FN:245,hasVoted
FN:249,getAmendment
FNF:16
FNH:15
FNDA:57,onlyChair
FNDA:67,requiresCredential
FNDA:36,constructor
FNDA:50,setAllowedUser
FNDA:0,isCredentialVerified
FNDA:2,setChair
FNDA:23,createProposal
FNDA:17,secondProposal
FNDA:3,submitAmendment
FNDA:1,approveAmendment
FNDA:13,openVoting
FNDA:11,voteOnMotion
FNDA:2,finalizeProposal
FNDA:2,getProposal
FNDA:1,hasVoted
FNDA:1,getAmendment
DA:76,57
DA:77,54
DA:81,67
DA:82,67
DA:87,36
DA:88,36
DA:89,36
DA:91,36
DA:92,36
DA:93,36
DA:94,36
DA:100,50
DA:101,50
DA:105,0
DA:110,2
DA:111,2
DA:112,2
DA:113,2
DA:118,23
DA:120,21
DA:121,21
DA:122,21
DA:123,21
DA:124,21
DA:125,21
DA:127,21
DA:128,21
DA:132,17
DA:133,17
DA:135,17
DA:136,17
DA:138,17
DA:142,3
DA:143,3
DA:144,3
DA:146,3
DA:155,3
DA:157,3
DA:158,3
DA:162,1
DA:163,1
DA:165,1
DA:166,1
DA:170,13
DA:171,13
DA:172,12
DA:174,10
DA:175,10
DA:176,10
DA:181,11
DA:183,11
DA:184,11
DA:185,11
DA:186,9
DA:188,8
DA:190,8
DA:191,5
DA:193,2
DA:195,1
DA:198,8
DA:202,2
DA:203,2
DA:204,2
DA:206,2
DA:207,1
DA:209,1
DA:212,2
DA:229,2
DA:230,2
DA:246,1
DA:257,1
DA:258,1
DA:259,1
LF:73
LH:72
BRDA:76,1,0,54
BRDA:76,1,1,3
BRDA:81,2,0,67
BRDA:81,2,1,0
BRDA:87,3,0,36
BRDA:87,3,1,0
BRDA:88,4,0,36
BRDA:88,4,1,0
BRDA:89,5,0,36
BRDA:89,5,1,0
BRDA:109,6,0,2
BRDA:109,6,1,1
BRDA:110,7,0,2
BRDA:110,7,1,0
BRDA:117,8,0,23
BRDA:117,8,1,1
BRDA:117,9,0,23
BRDA:117,9,1,0
BRDA:118,10,0,21
BRDA:118,10,1,2
BRDA:131,11,0,17
BRDA:131,11,1,1
BRDA:131,12,0,17
BRDA:131,12,1,0
BRDA:133,13,0,17
BRDA:133,13,1,0
BRDA:141,14,0,3
BRDA:141,14,1,0
BRDA:143,15,0,3
BRDA:143,15,1,0
BRDA:144,16,0,3
BRDA:144,16,1,0
BRDA:161,17,0,1
BRDA:161,17,1,0
BRDA:163,18,0,1
BRDA:163,18,1,0
BRDA:169,19,0,13
BRDA:169,19,1,1
BRDA:169,20,0,13
BRDA:169,20,1,0
BRDA:171,21,0,12
BRDA:171,21,1,1
BRDA:172,22,0,10
BRDA:172,22,1,2
BRDA:180,23,0,11
BRDA:180,23,1,0
BRDA:183,24,0,11
BRDA:183,24,1,0
BRDA:184,25,0,11
BRDA:184,25,1,0
BRDA:185,26,0,9
BRDA:185,26,1,2
BRDA:186,27,0,8
BRDA:186,27,1,1
BRDA:190,28,0,5
BRDA:190,28,1,3
BRDA:192,29,0,2
BRDA:192,29,1,1
BRDA:203,30,0,2
BRDA:203,30,1,0
BRDA:204,31,0,2
BRDA:204,31,1,0
BRDA:206,32,0,1
BRDA:206,32,1,1
BRDA:257,33,0,1
BRDA:257,33,1,0
BRF:66
BRH:46
end_of_record
TN:
SF:/home/tyler/zk-voting-system/contracts/ZKVotingWithCredentials.sol
FN:39,constructor
FN:48,setGovVerifier
FN:57,setAllowedUser
FN:69,isCredentialVerified
FN:77,vote
FN:99,getVoteCounts
FN:106,getTotalVotes
FNF:7
FNH:7
FNDA:26,constructor
FNDA:2,setGovVerifier
FNDA:24,setAllowedUser
FNDA:2,isCredentialVerified
FNDA:14,vote
FNDA:6,getVoteCounts
FNDA:1,getTotalVotes
DA:40,26
DA:41,26
DA:49,2
DA:50,1
DA:60,24
DA:61,24
DA:70,2
DA:78,14
DA:79,13
DA:80,12
DA:82,11
DA:84,11
DA:85,7
DA:87,3
DA:89,1
DA:92,11
DA:100,6
DA:107,1
LF:18
LH:18
BRDA:40,1,0,26
BRDA:40,1,1,0
BRDA:48,2,0,2
BRDA:48,2,1,0
BRDA:49,3,0,1
BRDA:49,3,1,1
BRDA:78,4,0,13
BRDA:78,4,1,1
BRDA:79,5,0,12
BRDA:79,5,1,1
BRDA:80,6,0,11
BRDA:80,6,1,1
BRDA:84,7,0,7
BRDA:84,7,1,4
BRDA:86,8,0,3
BRDA:86,8,1,1
BRF:16
BRH:14
end_of_record
