TN:
SF:/home/tyler/zk-voting-system/contracts/GovVerifier.sol
FN:25,constructor
FN:33,setVotingContract
FN:40,_beforeProofSubmit
FN:53,_afterProofSubmit
FNF:4
FNH:0
FNDA:0,constructor
FNDA:0,setVotingContract
FNDA:0,_beforeProofSubmit
FNDA:0,_afterProofSubmit
DA:26,0
DA:34,0
DA:60,0
DA:63,0
DA:65,0
DA:68,0
DA:69,0
DA:73,0
LF:8
LH:0
BRDA:33,1,0,0
BRDA:33,1,1,0
BRDA:63,2,0,0
BRDA:63,2,1,0
BRDA:68,3,0,0
BRDA:68,3,1,0
BRF:6
BRH:0
end_of_record
TN:
SF:/home/tyler/zk-voting-system/contracts/interfaces/ICircuitValidator.sol
FNF:0
FNH:0
LF:0
LH:0
BRF:0
BRH:0
end_of_record
TN:
SF:/home/tyler/zk-voting-system/contracts/interfaces/IZKPVerifier.sol
FNF:0
FNH:0
LF:0
LH:0
BRF:0
BRH:0
end_of_record
TN:
SF:/home/tyler/zk-voting-system/contracts/lib/GenesisUtils.sol
FN:10,int256ToBytes
FN:20,reverse
FN:66,sum
FN:77,bytesToHexString
FN:98,compareStrings
FN:110,isGenesisState
FN:146,toUint256
FN:159,bytesToAddress
FN:172,int256ToAddress
FNF:9
FNH:0
FNDA:0,int256ToBytes
FNDA:0,reverse
FNDA:0,sum
FNDA:0,bytesToHexString
FNDA:0,compareStrings
FNDA:0,isGenesisState
FNDA:0,toUint256
FNDA:0,bytesToAddress
FNDA:0,int256ToAddress
DA:11,0
DA:12,0
DA:21,0
DA:24,0
DA:33,0
DA:42,0
DA:51,0
DA:60,0
DA:67,0
DA:69,0
DA:70,0
DA:83,0
DA:85,0
DA:87,0
DA:88,0
DA:89,0
DA:92,0
DA:103,0
DA:115,0
DA:117,0
DA:119,0
DA:125,0
DA:127,0
DA:128,0
DA:133,0
DA:135,0
DA:137,0
DA:138,0
DA:140,0
DA:151,0
DA:164,0
DA:173,0
LF:32
LH:0
BRDA:67,1,0,0
BRDA:67,1,1,0
BRDA:128,2,0,0
BRDA:128,2,1,0
BRDA:138,3,0,0
BRDA:138,3,1,0
BRF:6
BRH:0
end_of_record
TN:
SF:/home/tyler/zk-voting-system/contracts/verifiers/ZKPVerifier.sol
FN:16,submitZKPResponse
FN:51,getZKPRequest
FN:64,setZKPRequest
FN:80,getSupportedRequests
FN:91,_beforeProofSubmit
FN:100,_afterProofSubmit
FNF:6
FNH:0
FNDA:0,submitZKPResponse
FNDA:0,getZKPRequest
FNDA:0,setZKPRequest
FNDA:0,getSupportedRequests
FNDA:0,_beforeProofSubmit
FNDA:0,_afterProofSubmit
DA:23,0
DA:27,0
DA:32,0
DA:34,0
DA:45,0
DA:47,0
DA:48,0
DA:57,0
DA:65,0
DA:66,0
DA:68,0
DA:69,0
DA:70,0
DA:71,0
DA:72,0
DA:74,0
DA:76,0
DA:77,0
DA:85,0
LF:19
LH:0
BRDA:23,1,0,0
BRDA:23,1,1,0
BRDA:27,2,0,0
BRDA:27,2,1,0
BRDA:34,3,0,0
BRDA:34,3,1,0
BRDA:64,4,0,0
BRDA:64,4,1,0
BRDA:65,5,0,0
BRDA:65,5,1,0
BRF:10
BRH:0
end_of_record
TN:
SF:/home/tyler/zk-voting-system/contracts/ZKVoting.sol
FN:43,constructor
FN:52,setVoterMerkleRoot
FN:61,setVotedMerkleRoot
FN:72,vote
FN:90,getVoteCount
FN:99,getTotalVotes
FNF:6
FNH:6
FNDA:24,constructor
FNDA:3,setVoterMerkleRoot
FNDA:2,setVotedMerkleRoot
FNDA:23,vote
FNDA:14,getVoteCount
FNDA:5,getTotalVotes
DA:44,24
DA:45,24
DA:53,3
DA:54,3
DA:62,2
DA:63,2
DA:77,23
DA:80,22
DA:82,22
DA:91,14
DA:92,14
DA:100,5
DA:101,5
DA:102,5
DA:104,5
LF:15
LH:15
BRDA:52,1,0,3
BRDA:52,1,1,1
BRDA:61,2,0,2
BRDA:61,2,1,1
BRDA:77,3,0,22
BRDA:77,3,1,1
BRDA:91,4,0,14
BRDA:91,4,1,0
BRF:8
BRH:7
end_of_record
TN:
SF:/home/tyler/zk-voting-system/contracts/ZKVotingRobRules.sol
FN:65,onlyChair
FN:71,constructor
FN:80,setChair
FN:88,setVoterMerkleRoot
FN:92,setVotedMerkleRoot
FN:97,createProposal
FN:111,secondProposal
FN:121,submitAmendment
FN:141,approveAmendment
FN:149,openVoting
FN:160,voteOnMotion
FN:187,voteOnAmendment
FN:204,finalizeProposal
FN:219,getProposal
FN:248,hasVoted
FN:252,getAmendment
FNF:16
FNH:13
FNDA:80,onlyChair
FNDA:38,constructor
FNDA:3,setChair
FNDA:0,setVoterMerkleRoot
FNDA:0,setVotedMerkleRoot
FNDA:31,createProposal
FNDA:26,secondProposal
FNDA:6,submitAmendment
FNDA:2,approveAmendment
FNDA:17,openVoting
FNDA:18,voteOnMotion
FNDA:0,voteOnAmendment
FNDA:5,finalizeProposal
FNDA:1,getProposal
FNDA:2,hasVoted
FNDA:1,getAmendment
DA:66,80
DA:67,76
DA:72,38
DA:73,38
DA:74,38
DA:75,38
DA:76,38
DA:81,3
DA:82,2
DA:83,2
DA:84,2
DA:89,0
DA:93,0
DA:98,31
DA:100,30
DA:101,30
DA:102,30
DA:103,30
DA:104,30
DA:105,30
DA:107,30
DA:108,30
DA:112,26
DA:113,26
DA:115,25
DA:116,25
DA:118,25
DA:122,6
DA:123,6
DA:124,5
DA:126,5
DA:135,5
DA:137,5
DA:138,5
DA:142,2
DA:143,2
DA:145,2
DA:146,2
DA:150,17
DA:151,17
DA:152,17
DA:154,15
DA:155,15
DA:156,15
DA:166,18
DA:168,18
DA:169,18
DA:170,18
DA:171,17
DA:173,16
DA:175,16
DA:176,10
DA:178,5
DA:180,1
DA:183,16
DA:184,16
DA:188,0
DA:189,0
DA:191,0
DA:192,0
DA:193,0
DA:195,0
DA:196,0
DA:198,0
DA:200,0
DA:205,5
DA:206,5
DA:207,5
DA:209,4
DA:210,2
DA:212,2
DA:215,4
DA:232,1
DA:233,1
DA:249,2
DA:260,1
DA:261,1
DA:262,1
LF:78
LH:67
BRDA:66,1,0,76
BRDA:66,1,1,4
BRDA:72,2,0,38
BRDA:72,2,1,0
BRDA:73,3,0,38
BRDA:73,3,1,0
BRDA:80,4,0,3
BRDA:80,4,1,1
BRDA:81,5,0,2
BRDA:81,5,1,1
BRDA:88,6,0,0
BRDA:88,6,1,0
BRDA:92,7,0,0
BRDA:92,7,1,0
BRDA:97,8,0,31
BRDA:97,8,1,1
BRDA:98,9,0,30
BRDA:98,9,1,1
BRDA:111,10,0,26
BRDA:111,10,1,1
BRDA:113,11,0,25
BRDA:113,11,1,1
BRDA:123,12,0,5
BRDA:123,12,1,1
BRDA:124,13,0,5
BRDA:124,13,1,0
BRDA:141,14,0,2
BRDA:141,14,1,1
BRDA:143,15,0,2
BRDA:143,15,1,0
BRDA:149,16,0,17
BRDA:149,16,1,1
BRDA:151,17,0,17
BRDA:151,17,1,0
BRDA:152,18,0,15
BRDA:152,18,1,2
BRDA:168,19,0,18
BRDA:168,19,1,0
BRDA:169,20,0,18
BRDA:169,20,1,0
BRDA:170,21,0,17
BRDA:170,21,1,1
BRDA:171,22,0,16
BRDA:171,22,1,1
BRDA:175,23,0,10
BRDA:175,23,1,6
BRDA:177,24,0,5
BRDA:177,24,1,1
BRDA:189,25,0,0
BRDA:189,25,1,0
BRDA:192,26,0,0
BRDA:192,26,1,0
BRDA:193,27,0,0
BRDA:193,27,1,0
BRDA:195,28,0,0
BRDA:195,28,1,0
BRDA:197,29,0,0
BRDA:197,29,1,0
BRDA:206,30,0,5
BRDA:206,30,1,0
BRDA:207,31,0,4
BRDA:207,31,1,1
BRDA:209,32,0,2
BRDA:209,32,1,2
BRDA:260,33,0,1
BRDA:260,33,1,0
BRF:66
BRH:43
end_of_record
TN:
SF:/home/tyler/zk-voting-system/contracts/ZKVotingRobRulesWithCredentials.sol
FN:75,onlyChair
FN:80,requiresCredential
FN:86,constructor
FN:98,setAllowedUser
FN:104,isCredentialVerified
FN:109,setChair
FN:117,createProposal
FN:131,secondProposal
FN:141,submitAmendment
FN:161,approveAmendment
FN:169,openVoting
FN:180,voteOnMotion
FN:201,finalizeProposal
FN:216,getProposal
FN:245,hasVoted
FNF:15
FNH:10
FNDA:17,onlyChair
FNDA:24,requiresCredential
FNDA:17,constructor
FNDA:21,setAllowedUser
FNDA:0,isCredentialVerified
FNDA:2,setChair
FNDA:6,createProposal
FNDA:5,secondProposal
FNDA:0,submitAmendment
FNDA:0,approveAmendment
FNDA:5,openVoting
FNDA:8,voteOnMotion
FNDA:2,finalizeProposal
FNDA:0,getProposal
FNDA:0,hasVoted
DA:76,17
DA:77,16
DA:81,24
DA:82,24
DA:87,17
DA:88,17
DA:89,17
DA:91,17
DA:92,17
DA:93,17
DA:94,17
DA:100,21
DA:101,21
DA:105,0
DA:110,2
DA:111,2
DA:112,2
DA:113,2
DA:118,6
DA:120,6
DA:121,6
DA:122,6
DA:123,6
DA:124,6
DA:125,6
DA:127,6
DA:128,6
DA:132,5
DA:133,5
DA:135,5
DA:136,5
DA:138,5
DA:142,0
DA:143,0
DA:144,0
DA:146,0
DA:155,0
DA:157,0
DA:158,0
DA:162,0
DA:163,0
DA:165,0
DA:166,0
DA:170,5
DA:171,5
DA:172,5
DA:174,5
DA:175,5
DA:176,5
DA:181,8
DA:183,8
DA:184,8
DA:185,8
DA:186,8
DA:188,7
DA:190,7
DA:191,5
DA:193,2
DA:195,0
DA:198,7
DA:202,2
DA:203,2
DA:204,2
DA:206,2
DA:207,1
DA:209,1
DA:212,2
DA:229,0
DA:230,0
DA:246,0
LF:70
LH:54
BRDA:76,1,0,16
BRDA:76,1,1,1
BRDA:81,2,0,24
BRDA:81,2,1,0
BRDA:87,3,0,17
BRDA:87,3,1,0
BRDA:88,4,0,17
BRDA:88,4,1,0
BRDA:89,5,0,17
BRDA:89,5,1,0
BRDA:109,6,0,2
BRDA:109,6,1,1
BRDA:110,7,0,2
BRDA:110,7,1,0
BRDA:117,8,0,6
BRDA:117,8,1,1
BRDA:117,9,0,6
BRDA:117,9,1,0
BRDA:118,10,0,6
BRDA:118,10,1,0
BRDA:131,11,0,5
BRDA:131,11,1,0
BRDA:131,12,0,5
BRDA:131,12,1,0
BRDA:133,13,0,5
BRDA:133,13,1,0
BRDA:141,14,0,0
BRDA:141,14,1,0
BRDA:143,15,0,0
BRDA:143,15,1,0
BRDA:144,16,0,0
BRDA:144,16,1,0
BRDA:161,17,0,0
BRDA:161,17,1,0
BRDA:163,18,0,0
BRDA:163,18,1,0
BRDA:169,19,0,5
BRDA:169,19,1,0
BRDA:169,20,0,5
BRDA:169,20,1,0
BRDA:171,21,0,5
BRDA:171,21,1,0
BRDA:172,22,0,5
BRDA:172,22,1,0
BRDA:180,23,0,8
BRDA:180,23,1,0
BRDA:183,24,0,8
BRDA:183,24,1,0
BRDA:184,25,0,8
BRDA:184,25,1,0
BRDA:185,26,0,8
BRDA:185,26,1,0
BRDA:186,27,0,7
BRDA:186,27,1,1
BRDA:190,28,0,5
BRDA:190,28,1,2
BRDA:192,29,0,2
BRDA:192,29,1,0
BRDA:203,30,0,2
BRDA:203,30,1,0
BRDA:204,31,0,2
BRDA:204,31,1,0
BRDA:206,32,0,1
BRDA:206,32,1,1
BRF:64
BRH:33
end_of_record
TN:
SF:/home/tyler/zk-voting-system/contracts/ZKVotingWithCredentials.sol
FN:39,constructor
FN:48,setGovVerifier
FN:57,setAllowedUser
FN:69,isCredentialVerified
FN:77,vote
FN:99,getVoteCounts
FN:106,getTotalVotes
FNF:7
FNH:5
FNDA:17,constructor
FNDA:0,setGovVerifier
FNDA:22,setAllowedUser
FNDA:0,isCredentialVerified
FNDA:14,vote
FNDA:6,getVoteCounts
FNDA:1,getTotalVotes
DA:40,17
DA:41,17
DA:49,0
DA:50,0
DA:60,22
DA:61,22
DA:70,0
DA:78,14
DA:79,13
DA:80,12
DA:82,11
DA:84,11
DA:85,7
DA:87,3
DA:89,1
DA:92,11
DA:100,6
DA:107,1
LF:18
LH:15
BRDA:40,1,0,17
BRDA:40,1,1,0
BRDA:48,2,0,0
BRDA:48,2,1,0
BRDA:49,3,0,0
BRDA:49,3,1,0
BRDA:78,4,0,13
BRDA:78,4,1,1
BRDA:79,5,0,12
BRDA:79,5,1,1
BRDA:80,6,0,11
BRDA:80,6,1,1
BRDA:84,7,0,7
BRDA:84,7,1,4
BRDA:86,8,0,3
BRDA:86,8,1,1
BRF:16
BRH:11
end_of_record
